[INFO] Scanning for projects...
[INFO] 
[INFO] -------------< com.healthcare.portal:preferences-service >--------------
[INFO] Building preferences-service 1.0.0
[INFO]   from pom.xml
[INFO] --------------------------------[ jar ]---------------------------------
[INFO] 
[INFO] >>> spring-boot:3.2.3:run (default-cli) > test-compile @ preferences-service >>>
[INFO] 
[INFO] --- resources:3.3.1:resources (default-resources) @ preferences-service ---
[INFO] Copying 1 resource from src/main/resources to target/classes
[INFO] Copying 1 resource from src/main/resources to target/classes
[INFO] 
[INFO] --- compiler:3.11.0:compile (default-compile) @ preferences-service ---
[INFO] Nothing to compile - all classes are up to date
[INFO] 
[INFO] --- resources:3.3.1:testResources (default-testResources) @ preferences-service ---
[INFO] Copying 1 resource from src/test/resources to target/test-classes
[INFO] 
[INFO] --- compiler:3.11.0:testCompile (default-testCompile) @ preferences-service ---
[INFO] Nothing to compile - all classes are up to date
[INFO] 
[INFO] <<< spring-boot:3.2.3:run (default-cli) < test-compile @ preferences-service <<<
[INFO] 
[INFO] 
[INFO] --- spring-boot:3.2.3:run (default-cli) @ preferences-service ---
[INFO] Attaching agents: []

  .   ____          _            __ _ _
 /\\ / ___'_ __ _ _(_)_ __  __ _ \ \ \ \
( ( )\___ | '_ | '_| | '_ \/ _` | \ \ \ \
 \\/  ___)| |_)| | | | | || (_| |  ) ) ) )
  '  |____| .__|_| |_|_| |_\__, | / / / /
 =========|_|==============|___/=/_/_/_/
[32m :: Spring Boot :: [39m              [2m (v3.2.3)[0;39m

[2m2025-04-26T17:54:59.807-04:00[0;39m [32m INFO[0;39m [35m46468[0;39m [2m---[0;39m [2m[           main][0;39m [2m[0;39m[36mc.h.p.p.PreferencesServiceApplication   [0;39m [2m:[0;39m Starting PreferencesServiceApplication using Java 23.0.2 with PID 46468 (/Users/sanantha/healthcare-portal/services/preferences-service/target/classes started by sanantha in /Users/sanantha/healthcare-portal/services/preferences-service)
[2m2025-04-26T17:54:59.808-04:00[0;39m [32mDEBUG[0;39m [35m46468[0;39m [2m---[0;39m [2m[           main][0;39m [2m[0;39m[36mc.h.p.p.PreferencesServiceApplication   [0;39m [2m:[0;39m Running with Spring Boot v3.2.3, Spring v6.1.4
[2m2025-04-26T17:54:59.808-04:00[0;39m [32m INFO[0;39m [35m46468[0;39m [2m---[0;39m [2m[           main][0;39m [2m[0;39m[36mc.h.p.p.PreferencesServiceApplication   [0;39m [2m:[0;39m No active profile set, falling back to 1 default profile: "default"
[2m2025-04-26T17:55:00.162-04:00[0;39m [32m INFO[0;39m [35m46468[0;39m [2m---[0;39m [2m[           main][0;39m [2m[0;39m[36m.s.d.r.c.RepositoryConfigurationDelegate[0;39m [2m:[0;39m Bootstrapping Spring Data MongoDB repositories in DEFAULT mode.
[2m2025-04-26T17:55:00.182-04:00[0;39m [32m INFO[0;39m [35m46468[0;39m [2m---[0;39m [2m[           main][0;39m [2m[0;39m[36m.s.d.r.c.RepositoryConfigurationDelegate[0;39m [2m:[0;39m Finished Spring Data repository scanning in 17 ms. Found 1 MongoDB repository interface.
[2m2025-04-26T17:55:00.343-04:00[0;39m [32m INFO[0;39m [35m46468[0;39m [2m---[0;39m [2m[           main][0;39m [2m[0;39m[36mo.s.b.w.embedded.tomcat.TomcatWebServer [0;39m [2m:[0;39m Tomcat initialized with port 8080 (http)
[2m2025-04-26T17:55:00.348-04:00[0;39m [32m INFO[0;39m [35m46468[0;39m [2m---[0;39m [2m[           main][0;39m [2m[0;39m[36mo.apache.catalina.core.StandardService  [0;39m [2m:[0;39m Starting service [Tomcat]
[2m2025-04-26T17:55:00.349-04:00[0;39m [32m INFO[0;39m [35m46468[0;39m [2m---[0;39m [2m[           main][0;39m [2m[0;39m[36mo.apache.catalina.core.StandardEngine   [0;39m [2m:[0;39m Starting Servlet engine: [Apache Tomcat/10.1.19]
[2m2025-04-26T17:55:00.369-04:00[0;39m [32m INFO[0;39m [35m46468[0;39m [2m---[0;39m [2m[           main][0;39m [2m[0;39m[36mo.a.c.c.C.[Tomcat].[localhost].[/api]   [0;39m [2m:[0;39m Initializing Spring embedded WebApplicationContext
[2m2025-04-26T17:55:00.369-04:00[0;39m [32m INFO[0;39m [35m46468[0;39m [2m---[0;39m [2m[           main][0;39m [2m[0;39m[36mw.s.c.ServletWebServerApplicationContext[0;39m [2m:[0;39m Root WebApplicationContext: initialization completed in 533 ms
[2m2025-04-26T17:55:00.481-04:00[0;39m [32m INFO[0;39m [35m46468[0;39m [2m---[0;39m [2m[           main][0;39m [2m[0;39m[36morg.mongodb.driver.client               [0;39m [2m:[0;39m MongoClient with metadata {"driver": {"name": "mongo-java-driver|sync|spring-boot", "version": "4.11.1"}, "os": {"type": "Darwin", "name": "Mac OS X", "architecture": "aarch64", "version": "15.4.1"}, "platform": "Java/Homebrew/23.0.2"} created with settings MongoClientSettings{readPreference=primary, writeConcern=WriteConcern{w=null, wTimeout=null ms, journal=null}, retryWrites=true, retryReads=true, readConcern=ReadConcern{level=null}, credential=MongoCredential{mechanism=null, userName='admin', source='admin', password=<hidden>, mechanismProperties=<hidden>}, transportSettings=null, streamFactoryFactory=null, commandListeners=[io.micrometer.core.instrument.binder.mongodb.MongoMetricsCommandListener@62b6c045], codecRegistry=ProvidersCodecRegistry{codecProviders=[ValueCodecProvider{}, BsonValueCodecProvider{}, DBRefCodecProvider{}, DBObjectCodecProvider{}, DocumentCodecProvider{}, CollectionCodecProvider{}, IterableCodecProvider{}, MapCodecProvider{}, GeoJsonCodecProvider{}, GridFSFileCodecProvider{}, Jsr310CodecProvider{}, JsonObjectCodecProvider{}, BsonCodecProvider{}, EnumCodecProvider{}, com.mongodb.client.model.mql.ExpressionCodecProvider@58f254b1, com.mongodb.Jep395RecordCodecProvider@46b2dcc5, com.mongodb.KotlinCodecProvider@240f350a]}, loggerSettings=LoggerSettings{maxDocumentLength=1000}, clusterSettings={hosts=[localhost:27017], srvServiceName=mongodb, mode=SINGLE, requiredClusterType=UNKNOWN, requiredReplicaSetName='null', serverSelector='null', clusterListeners='[]', serverSelectionTimeout='30000 ms', localThreshold='15 ms'}, socketSettings=SocketSettings{connectTimeoutMS=10000, readTimeoutMS=0, receiveBufferSize=0, proxySettings=ProxySettings{host=null, port=null, username=null, password=null}}, heartbeatSocketSettings=SocketSettings{connectTimeoutMS=10000, readTimeoutMS=10000, receiveBufferSize=0, proxySettings=ProxySettings{host=null, port=null, username=null, password=null}}, connectionPoolSettings=ConnectionPoolSettings{maxSize=100, minSize=0, maxWaitTimeMS=120000, maxConnectionLifeTimeMS=0, maxConnectionIdleTimeMS=0, maintenanceInitialDelayMS=0, maintenanceFrequencyMS=60000, connectionPoolListeners=[io.micrometer.core.instrument.binder.mongodb.MongoMetricsConnectionPoolListener@706f6d26], maxConnecting=2}, serverSettings=ServerSettings{heartbeatFrequencyMS=10000, minHeartbeatFrequencyMS=500, serverListeners='[]', serverMonitorListeners='[]'}, sslSettings=SslSettings{enabled=false, invalidHostNameAllowed=false, context=null}, applicationName='null', compressorList=[], uuidRepresentation=JAVA_LEGACY, serverApi=null, autoEncryptionSettings=null, dnsClient=null, inetAddressResolver=null, contextProvider=null}
[2m2025-04-26T17:55:00.496-04:00[0;39m [32m INFO[0;39m [35m46468[0;39m [2m---[0;39m [2m[localhost:27017][0;39m [2m[0;39m[36morg.mongodb.driver.cluster              [0;39m [2m:[0;39m Monitor thread successfully connected to server with description ServerDescription{address=localhost:27017, type=STANDALONE, state=CONNECTED, ok=true, minWireVersion=0, maxWireVersion=25, maxDocumentSize=16777216, logicalSessionTimeoutMinutes=30, roundTripTimeNanos=8374500}
[2m2025-04-26T17:55:00.596-04:00[0;39m [33m WARN[0;39m [35m46468[0;39m [2m---[0;39m [2m[           main][0;39m [2m[0;39m[36m.s.s.UserDetailsServiceAutoConfiguration[0;39m [2m:[0;39m 

Using generated security password: 68d5c498-b9bd-44b8-8496-39162eaeeaca

This generated password is for development use only. Your security configuration must be updated before running your application in production.

[2m2025-04-26T17:55:00.699-04:00[0;39m [32m INFO[0;39m [35m46468[0;39m [2m---[0;39m [2m[           main][0;39m [2m[0;39m[36mo.s.b.a.e.web.EndpointLinksResolver     [0;39m [2m:[0;39m Exposing 3 endpoint(s) beneath base path '/actuator'
[2m2025-04-26T17:55:00.711-04:00[0;39m [32m INFO[0;39m [35m46468[0;39m [2m---[0;39m [2m[           main][0;39m [2m[0;39m[36mo.s.s.web.DefaultSecurityFilterChain    [0;39m [2m:[0;39m Will secure any request with [org.springframework.security.web.session.DisableEncodeUrlFilter@52f43225, org.springframework.security.web.context.request.async.WebAsyncManagerIntegrationFilter@55d1f065, org.springframework.security.web.context.SecurityContextHolderFilter@6076c66, org.springframework.security.web.header.HeaderWriterFilter@2f99d8c, org.springframework.web.filter.CorsFilter@f9a5e3f, org.springframework.security.web.authentication.logout.LogoutFilter@26101efc, org.springframework.security.web.savedrequest.RequestCacheAwareFilter@1224e1b6, org.springframework.security.web.servletapi.SecurityContextHolderAwareRequestFilter@72a3462f, org.springframework.security.web.authentication.AnonymousAuthenticationFilter@4aac81ca, org.springframework.security.web.access.ExceptionTranslationFilter@5c1c9881, org.springframework.security.web.access.intercept.AuthorizationFilter@9f1ca74]
[2m2025-04-26T17:55:00.792-04:00[0;39m [32m INFO[0;39m [35m46468[0;39m [2m---[0;39m [2m[           main][0;39m [2m[0;39m[36mo.s.b.w.embedded.tomcat.TomcatWebServer [0;39m [2m:[0;39m Tomcat started on port 8080 (http) with context path '/api'
[2m2025-04-26T17:55:00.799-04:00[0;39m [32m INFO[0;39m [35m46468[0;39m [2m---[0;39m [2m[           main][0;39m [2m[0;39m[36mc.h.p.p.PreferencesServiceApplication   [0;39m [2m:[0;39m Started PreferencesServiceApplication in 1.17 seconds (process running for 1.338)
[2m2025-04-26T17:55:06.969-04:00[0;39m [32m INFO[0;39m [35m46468[0;39m [2m---[0;39m [2m[nio-8080-exec-1][0;39m [2m[0;39m[36mo.a.c.c.C.[Tomcat].[localhost].[/api]   [0;39m [2m:[0;39m Initializing Spring DispatcherServlet 'dispatcherServlet'
[2m2025-04-26T17:55:06.969-04:00[0;39m [32m INFO[0;39m [35m46468[0;39m [2m---[0;39m [2m[nio-8080-exec-1][0;39m [2m[0;39m[36mo.s.web.servlet.DispatcherServlet       [0;39m [2m:[0;39m Initializing Servlet 'dispatcherServlet'
[2m2025-04-26T17:55:06.970-04:00[0;39m [32m INFO[0;39m [35m46468[0;39m [2m---[0;39m [2m[nio-8080-exec-1][0;39m [2m[0;39m[36mo.s.web.servlet.DispatcherServlet       [0;39m [2m:[0;39m Completed initialization in 1 ms
[INFO] ------------------------------------------------------------------------
[INFO] BUILD FAILURE
[INFO] ------------------------------------------------------------------------
[INFO] Total time:  49:16 min
[INFO] Finished at: 2025-04-26T18:44:15-04:00
[INFO] ------------------------------------------------------------------------
[ERROR] Failed to execute goal org.springframework.boot:spring-boot-maven-plugin:3.2.3:run (default-cli) on project preferences-service: Process terminated with exit code: 137 -> [Help 1]
[ERROR] 
[ERROR] To see the full stack trace of the errors, re-run Maven with the -e switch.
[ERROR] Re-run Maven using the -X switch to enable full debug logging.
[ERROR] 
[ERROR] For more information about the errors and possible solutions, please read the following articles:
[ERROR] [Help 1] http://cwiki.apache.org/confluence/display/MAVEN/MojoExecutionException
