[INFO] Scanning for projects...
[INFO] 
[INFO] -------------< com.healthcare.portal:preferences-service >--------------
[INFO] Building preferences-service 1.0.0
[INFO]   from pom.xml
[INFO] --------------------------------[ jar ]---------------------------------
[INFO] 
[INFO] >>> spring-boot:3.2.3:run (default-cli) > test-compile @ preferences-service >>>
[INFO] 
[INFO] --- resources:3.3.1:resources (default-resources) @ preferences-service ---
[INFO] Copying 1 resource from src/main/resources to target/classes
[INFO] Copying 1 resource from src/main/resources to target/classes
[INFO] 
[INFO] --- compiler:3.11.0:compile (default-compile) @ preferences-service ---
[INFO] Nothing to compile - all classes are up to date
[INFO] 
[INFO] --- resources:3.3.1:testResources (default-testResources) @ preferences-service ---
[INFO] Copying 1 resource from src/test/resources to target/test-classes
[INFO] 
[INFO] --- compiler:3.11.0:testCompile (default-testCompile) @ preferences-service ---
[INFO] Nothing to compile - all classes are up to date
[INFO] 
[INFO] <<< spring-boot:3.2.3:run (default-cli) < test-compile @ preferences-service <<<
[INFO] 
[INFO] 
[INFO] --- spring-boot:3.2.3:run (default-cli) @ preferences-service ---
[INFO] Attaching agents: []

  .   ____          _            __ _ _
 /\\ / ___'_ __ _ _(_)_ __  __ _ \ \ \ \
( ( )\___ | '_ | '_| | '_ \/ _` | \ \ \ \
 \\/  ___)| |_)| | | | | || (_| |  ) ) ) )
  '  |____| .__|_| |_|_| |_\__, | / / / /
 =========|_|==============|___/=/_/_/_/
[32m :: Spring Boot :: [39m              [2m (v3.2.3)[0;39m

[2m2025-04-26T18:44:18.811-04:00[0;39m [32m INFO[0;39m [35m59467[0;39m [2m---[0;39m [2m[           main][0;39m [2m[0;39m[36mc.h.p.p.PreferencesServiceApplication   [0;39m [2m:[0;39m Starting PreferencesServiceApplication using Java 23.0.2 with PID 59467 (/Users/sanantha/healthcare-portal/services/preferences-service/target/classes started by sanantha in /Users/sanantha/healthcare-portal/services/preferences-service)
[2m2025-04-26T18:44:18.812-04:00[0;39m [32mDEBUG[0;39m [35m59467[0;39m [2m---[0;39m [2m[           main][0;39m [2m[0;39m[36mc.h.p.p.PreferencesServiceApplication   [0;39m [2m:[0;39m Running with Spring Boot v3.2.3, Spring v6.1.4
[2m2025-04-26T18:44:18.812-04:00[0;39m [32m INFO[0;39m [35m59467[0;39m [2m---[0;39m [2m[           main][0;39m [2m[0;39m[36mc.h.p.p.PreferencesServiceApplication   [0;39m [2m:[0;39m No active profile set, falling back to 1 default profile: "default"
[2m2025-04-26T18:44:19.049-04:00[0;39m [32m INFO[0;39m [35m59467[0;39m [2m---[0;39m [2m[           main][0;39m [2m[0;39m[36m.s.d.r.c.RepositoryConfigurationDelegate[0;39m [2m:[0;39m Bootstrapping Spring Data MongoDB repositories in DEFAULT mode.
[2m2025-04-26T18:44:19.063-04:00[0;39m [32m INFO[0;39m [35m59467[0;39m [2m---[0;39m [2m[           main][0;39m [2m[0;39m[36m.s.d.r.c.RepositoryConfigurationDelegate[0;39m [2m:[0;39m Finished Spring Data repository scanning in 12 ms. Found 1 MongoDB repository interface.
[2m2025-04-26T18:44:19.184-04:00[0;39m [32m INFO[0;39m [35m59467[0;39m [2m---[0;39m [2m[           main][0;39m [2m[0;39m[36mo.s.b.w.embedded.tomcat.TomcatWebServer [0;39m [2m:[0;39m Tomcat initialized with port 8080 (http)
[2m2025-04-26T18:44:19.188-04:00[0;39m [32m INFO[0;39m [35m59467[0;39m [2m---[0;39m [2m[           main][0;39m [2m[0;39m[36mo.apache.catalina.core.StandardService  [0;39m [2m:[0;39m Starting service [Tomcat]
[2m2025-04-26T18:44:19.188-04:00[0;39m [32m INFO[0;39m [35m59467[0;39m [2m---[0;39m [2m[           main][0;39m [2m[0;39m[36mo.apache.catalina.core.StandardEngine   [0;39m [2m:[0;39m Starting Servlet engine: [Apache Tomcat/10.1.19]
[2m2025-04-26T18:44:19.202-04:00[0;39m [32m INFO[0;39m [35m59467[0;39m [2m---[0;39m [2m[           main][0;39m [2m[0;39m[36mo.a.c.c.C.[Tomcat].[localhost].[/api]   [0;39m [2m:[0;39m Initializing Spring embedded WebApplicationContext
[2m2025-04-26T18:44:19.202-04:00[0;39m [32m INFO[0;39m [35m59467[0;39m [2m---[0;39m [2m[           main][0;39m [2m[0;39m[36mw.s.c.ServletWebServerApplicationContext[0;39m [2m:[0;39m Root WebApplicationContext: initialization completed in 372 ms
[2m2025-04-26T18:44:19.291-04:00[0;39m [32m INFO[0;39m [35m59467[0;39m [2m---[0;39m [2m[           main][0;39m [2m[0;39m[36morg.mongodb.driver.client               [0;39m [2m:[0;39m MongoClient with metadata {"driver": {"name": "mongo-java-driver|sync|spring-boot", "version": "4.11.1"}, "os": {"type": "Darwin", "name": "Mac OS X", "architecture": "aarch64", "version": "15.4.1"}, "platform": "Java/Homebrew/23.0.2"} created with settings MongoClientSettings{readPreference=primary, writeConcern=WriteConcern{w=null, wTimeout=null ms, journal=null}, retryWrites=true, retryReads=true, readConcern=ReadConcern{level=null}, credential=MongoCredential{mechanism=null, userName='admin', source='admin', password=<hidden>, mechanismProperties=<hidden>}, transportSettings=null, streamFactoryFactory=null, commandListeners=[io.micrometer.core.instrument.binder.mongodb.MongoMetricsCommandListener@58f254b1], codecRegistry=ProvidersCodecRegistry{codecProviders=[ValueCodecProvider{}, BsonValueCodecProvider{}, DBRefCodecProvider{}, DBObjectCodecProvider{}, DocumentCodecProvider{}, CollectionCodecProvider{}, IterableCodecProvider{}, MapCodecProvider{}, GeoJsonCodecProvider{}, GridFSFileCodecProvider{}, Jsr310CodecProvider{}, JsonObjectCodecProvider{}, BsonCodecProvider{}, EnumCodecProvider{}, com.mongodb.client.model.mql.ExpressionCodecProvider@46b2dcc5, com.mongodb.Jep395RecordCodecProvider@240f350a, com.mongodb.KotlinCodecProvider@706f6d26]}, loggerSettings=LoggerSettings{maxDocumentLength=1000}, clusterSettings={hosts=[localhost:27017], srvServiceName=mongodb, mode=SINGLE, requiredClusterType=UNKNOWN, requiredReplicaSetName='null', serverSelector='null', clusterListeners='[]', serverSelectionTimeout='30000 ms', localThreshold='15 ms'}, socketSettings=SocketSettings{connectTimeoutMS=10000, readTimeoutMS=0, receiveBufferSize=0, proxySettings=ProxySettings{host=null, port=null, username=null, password=null}}, heartbeatSocketSettings=SocketSettings{connectTimeoutMS=10000, readTimeoutMS=10000, receiveBufferSize=0, proxySettings=ProxySettings{host=null, port=null, username=null, password=null}}, connectionPoolSettings=ConnectionPoolSettings{maxSize=100, minSize=0, maxWaitTimeMS=120000, maxConnectionLifeTimeMS=0, maxConnectionIdleTimeMS=0, maintenanceInitialDelayMS=0, maintenanceFrequencyMS=60000, connectionPoolListeners=[io.micrometer.core.instrument.binder.mongodb.MongoMetricsConnectionPoolListener@3af2f846], maxConnecting=2}, serverSettings=ServerSettings{heartbeatFrequencyMS=10000, minHeartbeatFrequencyMS=500, serverListeners='[]', serverMonitorListeners='[]'}, sslSettings=SslSettings{enabled=false, invalidHostNameAllowed=false, context=null}, applicationName='null', compressorList=[], uuidRepresentation=JAVA_LEGACY, serverApi=null, autoEncryptionSettings=null, dnsClient=null, inetAddressResolver=null, contextProvider=null}
[2m2025-04-26T18:44:19.304-04:00[0;39m [32m INFO[0;39m [35m59467[0;39m [2m---[0;39m [2m[localhost:27017][0;39m [2m[0;39m[36morg.mongodb.driver.cluster              [0;39m [2m:[0;39m Monitor thread successfully connected to server with description ServerDescription{address=localhost:27017, type=STANDALONE, state=CONNECTED, ok=true, minWireVersion=0, maxWireVersion=25, maxDocumentSize=16777216, logicalSessionTimeoutMinutes=30, roundTripTimeNanos=5551292}
[2m2025-04-26T18:44:19.381-04:00[0;39m [33m WARN[0;39m [35m59467[0;39m [2m---[0;39m [2m[           main][0;39m [2m[0;39m[36m.s.s.UserDetailsServiceAutoConfiguration[0;39m [2m:[0;39m 

Using generated security password: f9a9f9a7-133e-454a-a71b-ae6ecdc0e990

This generated password is for development use only. Your security configuration must be updated before running your application in production.

[2m2025-04-26T18:44:19.463-04:00[0;39m [32m INFO[0;39m [35m59467[0;39m [2m---[0;39m [2m[           main][0;39m [2m[0;39m[36mo.s.b.a.e.web.EndpointLinksResolver     [0;39m [2m:[0;39m Exposing 3 endpoint(s) beneath base path '/actuator'
[2m2025-04-26T18:44:19.473-04:00[0;39m [32m INFO[0;39m [35m59467[0;39m [2m---[0;39m [2m[           main][0;39m [2m[0;39m[36mo.s.s.web.DefaultSecurityFilterChain    [0;39m [2m:[0;39m Will secure any request with [org.springframework.security.web.session.DisableEncodeUrlFilter@9f1ca74, org.springframework.security.web.context.request.async.WebAsyncManagerIntegrationFilter@67b8d45, org.springframework.security.web.context.SecurityContextHolderFilter@2f99d8c, org.springframework.security.web.header.HeaderWriterFilter@1ddf42dd, org.springframework.web.filter.CorsFilter@365e65bb, org.springframework.security.web.authentication.logout.LogoutFilter@20890a1a, org.springframework.security.web.savedrequest.RequestCacheAwareFilter@5d37aa0f, org.springframework.security.web.servletapi.SecurityContextHolderAwareRequestFilter@6076c66, org.springframework.security.web.authentication.AnonymousAuthenticationFilter@52f43225, org.springframework.security.web.access.ExceptionTranslationFilter@318e3942, org.springframework.security.web.access.intercept.AuthorizationFilter@761f234c]
[2m2025-04-26T18:44:19.541-04:00[0;39m [32m INFO[0;39m [35m59467[0;39m [2m---[0;39m [2m[           main][0;39m [2m[0;39m[36mo.s.b.w.embedded.tomcat.TomcatWebServer [0;39m [2m:[0;39m Tomcat started on port 8080 (http) with context path '/api'
[2m2025-04-26T18:44:19.546-04:00[0;39m [32m INFO[0;39m [35m59467[0;39m [2m---[0;39m [2m[           main][0;39m [2m[0;39m[36mc.h.p.p.PreferencesServiceApplication   [0;39m [2m:[0;39m Started PreferencesServiceApplication in 0.851 seconds (process running for 0.957)
[2m2025-04-26T18:45:18.633-04:00[0;39m [32m INFO[0;39m [35m59467[0;39m [2m---[0;39m [2m[nio-8080-exec-1][0;39m [2m[0;39m[36mo.a.c.c.C.[Tomcat].[localhost].[/api]   [0;39m [2m:[0;39m Initializing Spring DispatcherServlet 'dispatcherServlet'
[2m2025-04-26T18:45:18.634-04:00[0;39m [32m INFO[0;39m [35m59467[0;39m [2m---[0;39m [2m[nio-8080-exec-1][0;39m [2m[0;39m[36mo.s.web.servlet.DispatcherServlet       [0;39m [2m:[0;39m Initializing Servlet 'dispatcherServlet'
[2m2025-04-26T18:45:18.635-04:00[0;39m [32m INFO[0;39m [35m59467[0;39m [2m---[0;39m [2m[nio-8080-exec-1][0;39m [2m[0;39m[36mo.s.web.servlet.DispatcherServlet       [0;39m [2m:[0;39m Completed initialization in 1 ms
